{"/Users/peterbramley/workspace/coding/Interview/src/App.tsx": {"path":"/Users/peterbramley/workspace/coding/Interview/src/App.tsx","statementMap":{"0":{"start":{"line":2,"column":0},"end":{"line":2,"column":74}},"1":{"start":{"line":3,"column":0},"end":{"line":3,"column":39}},"2":{"start":{"line":5,"column":19},"end":{"line":15,"column":1}},"3":{"start":{"line":6,"column":3},"end":{"line":14,"column":5}},"4":{"start":{"line":5,"column":13},"end":{"line":5,"column":19}},"5":{"start":{"line":17,"column":0},"end":{"line":17,"column":19}}},"fnMap":{"0":{"name":"(anonymous_1)","decl":{"start":{"line":5,"column":19},"end":{"line":5,"column":41}},"loc":{"start":{"line":5,"column":43},"end":{"line":15,"column":1}}}},"branchMap":{},"s":{"0":1,"1":1,"2":1,"3":1,"4":1,"5":1},"f":{"0":1},"b":{}}
,"/Users/peterbramley/workspace/coding/Interview/src/components/domain/MyComponent.tsx": {"path":"/Users/peterbramley/workspace/coding/Interview/src/components/domain/MyComponent.tsx","statementMap":{"0":{"start":{"line":1,"column":0},"end":{"line":1,"column":46}},"1":{"start":{"line":7,"column":27},"end":{"line":9,"column":1}},"2":{"start":{"line":8,"column":3},"end":{"line":8,"column":69}},"3":{"start":{"line":7,"column":13},"end":{"line":7,"column":27}}},"fnMap":{"0":{"name":"(anonymous_1)","decl":{"start":{"line":7,"column":27},"end":{"line":7,"column":49}},"loc":{"start":{"line":7,"column":51},"end":{"line":9,"column":1}}}},"branchMap":{},"s":{"0":1,"1":1,"2":1,"3":1},"f":{"0":1},"b":{}}
,"/Users/peterbramley/workspace/coding/Interview/src/components/shared/form/LookupForm.tsx": {"path":"/Users/peterbramley/workspace/coding/Interview/src/components/shared/form/LookupForm.tsx","statementMap":{"0":{"start":{"line":1,"column":0},"end":{"line":1,"column":33}},"1":{"start":{"line":20,"column":26},"end":{"line":42,"column":1}},"2":{"start":{"line":21,"column":29},"end":{"line":21,"column":41}},"3":{"start":{"line":23,"column":24},"end":{"line":30,"column":4}},"4":{"start":{"line":24,"column":6},"end":{"line":24,"column":25}},"5":{"start":{"line":25,"column":6},"end":{"line":27,"column":7}},"6":{"start":{"line":26,"column":9},"end":{"line":26,"column":16}},"7":{"start":{"line":29,"column":6},"end":{"line":29,"column":29}},"8":{"start":{"line":32,"column":3},"end":{"line":41,"column":5}},"9":{"start":{"line":36,"column":29},"end":{"line":36,"column":53}},"10":{"start":{"line":20,"column":13},"end":{"line":20,"column":26}}},"fnMap":{"0":{"name":"(anonymous_0)","decl":{"start":{"line":20,"column":26},"end":{"line":20,"column":27}},"loc":{"start":{"line":20,"column":60},"end":{"line":42,"column":1}}},"1":{"name":"(anonymous_1)","decl":{"start":{"line":23,"column":24},"end":{"line":23,"column":25}},"loc":{"start":{"line":23,"column":47},"end":{"line":30,"column":4}}},"2":{"name":"(anonymous_2)","decl":{"start":{"line":36,"column":22},"end":{"line":36,"column":23}},"loc":{"start":{"line":36,"column":29},"end":{"line":36,"column":53}}}},"branchMap":{"0":{"loc":{"start":{"line":25,"column":6},"end":{"line":27,"column":7}},"type":"if","locations":[{"start":{"line":25,"column":6},"end":{"line":27,"column":7}}]}},"s":{"0":1,"1":1,"2":1,"3":1,"4":0,"5":0,"6":0,"7":0,"8":1,"9":0,"10":1},"f":{"0":1,"1":0,"2":0},"b":{"0":[0]}}
,"/Users/peterbramley/workspace/coding/Interview/src/pages/HomePage.tsx": {"path":"/Users/peterbramley/workspace/coding/Interview/src/pages/HomePage.tsx","statementMap":{"0":{"start":{"line":1,"column":0},"end":{"line":1,"column":66}},"1":{"start":{"line":8,"column":24},"end":{"line":22,"column":1}},"2":{"start":{"line":12,"column":24},"end":{"line":14,"column":4}},"3":{"start":{"line":13,"column":6},"end":{"line":13,"column":49}},"4":{"start":{"line":16,"column":3},"end":{"line":21,"column":5}},"5":{"start":{"line":8,"column":13},"end":{"line":8,"column":24}},"6":{"start":{"line":24,"column":0},"end":{"line":24,"column":24}}},"fnMap":{"0":{"name":"(anonymous_0)","decl":{"start":{"line":8,"column":24},"end":{"line":8,"column":46}},"loc":{"start":{"line":8,"column":48},"end":{"line":22,"column":1}}},"1":{"name":"(anonymous_1)","decl":{"start":{"line":12,"column":24},"end":{"line":12,"column":33}},"loc":{"start":{"line":12,"column":35},"end":{"line":14,"column":4}}}},"branchMap":{},"s":{"0":1,"1":1,"2":1,"3":0,"4":1,"5":1,"6":1},"f":{"0":1,"1":0},"b":{}}
}
